[35m[1mScanning dependencies of target turtlesim_games_make_box[0m
[ 16%] [32mBuilding CXX object CMakeFiles/turtlesim_games_make_box.dir/src/make_box.cpp.o[0m
[ 50%] Built target turtlesim_games_vacuum
[ 83%] Built target turtlesim_games_kill_turtles
[01m[K/home/ros/catkin_ws/src/turtlesim_games/src/make_box.cpp:[m[K In function ‘[01m[Kint main(int, char**)[m[K’:
[01m[K/home/ros/catkin_ws/src/turtlesim_games/src/make_box.cpp:13:19:[m[K [01;31m[Kerror: [m[Kunable to find numeric literal operator ‘[01m[Koperator""f[m[K’
   float offsetX = 0f;
[01;32m[K                   ^[m[K
[01m[K/home/ros/catkin_ws/src/turtlesim_games/src/make_box.cpp:13:19:[m[K [01;36m[Knote: [m[Kuse -std=gnu++11 or -fext-numeric-literals to enable more built-in suffixes
[01m[K/home/ros/catkin_ws/src/turtlesim_games/src/make_box.cpp:14:19:[m[K [01;31m[Kerror: [m[Kunable to find numeric literal operator ‘[01m[Koperator""f[m[K’
   float offsetY = 0f;
[01;32m[K                   ^[m[K
[01m[K/home/ros/catkin_ws/src/turtlesim_games/src/make_box.cpp:14:19:[m[K [01;36m[Knote: [m[Kuse -std=gnu++11 or -fext-numeric-literals to enable more built-in suffixes
[01m[K/home/ros/catkin_ws/src/turtlesim_games/src/make_box.cpp:20:7:[m[K [01;31m[Kerror: [m[Kconflicting declaration ‘[01m[Kint offsetX[m[K’
   int offsetX = rand()% 10f + 0f;
[01;32m[K       ^[m[K
[01m[K/home/ros/catkin_ws/src/turtlesim_games/src/make_box.cpp:13:9:[m[K [01;36m[Knote: [m[Kprevious declaration as ‘[01m[Kfloat offsetX[m[K’
   float offsetX = 0f;
[01;32m[K         ^[m[K
[01m[K/home/ros/catkin_ws/src/turtlesim_games/src/make_box.cpp:20:25:[m[K [01;31m[Kerror: [m[Kunable to find numeric literal operator ‘[01m[Koperator""f[m[K’
   int offsetX = rand()% 10f + 0f;
[01;32m[K                         ^[m[K
[01m[K/home/ros/catkin_ws/src/turtlesim_games/src/make_box.cpp:20:25:[m[K [01;36m[Knote: [m[Kuse -std=gnu++11 or -fext-numeric-literals to enable more built-in suffixes
[01m[K/home/ros/catkin_ws/src/turtlesim_games/src/make_box.cpp:20:31:[m[K [01;31m[Kerror: [m[Kunable to find numeric literal operator ‘[01m[Koperator""f[m[K’
   int offsetX = rand()% 10f + 0f;
[01;32m[K                               ^[m[K
[01m[K/home/ros/catkin_ws/src/turtlesim_games/src/make_box.cpp:20:31:[m[K [01;36m[Knote: [m[Kuse -std=gnu++11 or -fext-numeric-literals to enable more built-in suffixes
[01m[K/home/ros/catkin_ws/src/turtlesim_games/src/make_box.cpp:22:25:[m[K [01;31m[Kerror: [m[Kunable to find numeric literal operator ‘[01m[Koperator""f[m[K’
   int OffsetY = rand()% 10f + 0f;
[01;32m[K                         ^[m[K
[01m[K/home/ros/catkin_ws/src/turtlesim_games/src/make_box.cpp:22:25:[m[K [01;36m[Knote: [m[Kuse -std=gnu++11 or -fext-numeric-literals to enable more built-in suffixes
[01m[K/home/ros/catkin_ws/src/turtlesim_games/src/make_box.cpp:22:31:[m[K [01;31m[Kerror: [m[Kunable to find numeric literal operator ‘[01m[Koperator""f[m[K’
   int OffsetY = rand()% 10f + 0f;
[01;32m[K                               ^[m[K
[01m[K/home/ros/catkin_ws/src/turtlesim_games/src/make_box.cpp:22:31:[m[K [01;36m[Knote: [m[Kuse -std=gnu++11 or -fext-numeric-literals to enable more built-in suffixes
CMakeFiles/turtlesim_games_make_box.dir/build.make:62: recipe for target 'CMakeFiles/turtlesim_games_make_box.dir/src/make_box.cpp.o' failed
make[2]: *** [CMakeFiles/turtlesim_games_make_box.dir/src/make_box.cpp.o] Error 1
CMakeFiles/Makefile2:67: recipe for target 'CMakeFiles/turtlesim_games_make_box.dir/all' failed
make[1]: *** [CMakeFiles/turtlesim_games_make_box.dir/all] Error 2
Makefile:138: recipe for target 'all' failed
make: *** [all] Error 2
