In file included from [01m[K/usr/include/string.h:32:0[m[K,
                 from [01m[K/usr/include/c++/5/cstring:42[m[K,
                 from [01m[K/usr/include/boost/math/special_functions/detail/fp_traits.hpp:23[m[K,
                 from [01m[K/usr/include/boost/math/special_functions/fpclassify.hpp:20[m[K,
                 from [01m[K/usr/include/boost/math/special_functions/round.hpp:16[m[K,
                 from [01m[K/opt/ros/kinetic/include/ros/time.h:58[m[K,
                 from [01m[K/opt/ros/kinetic/include/ros/ros.h:38[m[K,
                 from [01m[K/home/ros/catkin_ws/src/turtlesim_games/src/make_box.cpp:1[m[K:
[01m[K/home/ros/catkin_ws/src/turtlesim_games/src/make_box.cpp:[m[K In function ‘[01m[Kint main(int, char**)[m[K’:
[01m[K/home/ros/catkin_ws/src/turtlesim_games/src/make_box.cpp:12:26:[m[K [01;31m[Kerror: [m[Kexpected ‘[01m[K)[m[K’ before ‘[01m[K__null[m[K’
   int width = srand(time NULL);
[01;32m[K                          ^[m[K
[01m[K/home/ros/catkin_ws/src/turtlesim_games/src/make_box.cpp:12:30:[m[K [01;31m[Kerror: [m[Kinvalid conversion from ‘[01m[Ktime_t (*)(time_t*) throw () {aka long int (*)(long int*) throw ()}[m[K’ to ‘[01m[Kunsigned int[m[K’ [-fpermissive]
   int width = srand(time NULL);
[01;32m[K                              ^[m[K
In file included from [01m[K/opt/ros/kinetic/include/ros/platform.h:53:0[m[K,
                 from [01m[K/opt/ros/kinetic/include/ros/time.h:53[m[K,
                 from [01m[K/opt/ros/kinetic/include/ros/ros.h:38[m[K,
                 from [01m[K/home/ros/catkin_ws/src/turtlesim_games/src/make_box.cpp:1[m[K:
[01m[K/usr/include/stdlib.h:376:13:[m[K [01;36m[Knote: [m[K  initializing argument 1 of ‘[01m[Kvoid srand(unsigned int)[m[K’
 extern void srand (unsigned int __seed) __THROW;
[01;32m[K             ^[m[K
[01m[K/home/ros/catkin_ws/src/turtlesim_games/src/make_box.cpp:12:30:[m[K [01;31m[Kerror: [m[Kvoid value not ignored as it ought to be
   int width = srand(time NULL);
[01;32m[K                              ^[m[K
make[2]: *** [CMakeFiles/turtlesim_games_make_box.dir/src/make_box.cpp.o] Error 1
make[1]: *** [CMakeFiles/turtlesim_games_make_box.dir/all] Error 2
make: *** [all] Error 2
