Determining if the pthread_create exist failed with the following output:
Change Dir: /home/ros/catkin_ws/build/turtlesim_games/CMakeFiles/CMakeTmp

Run Build Command:"/usr/bin/make" "cmTC_487c1/fast"
/usr/bin/make -f CMakeFiles/cmTC_487c1.dir/build.make CMakeFiles/cmTC_487c1.dir/build
make[1]: Entering directory '/home/ros/catkin_ws/build/turtlesim_games/CMakeFiles/CMakeTmp'
Building C object CMakeFiles/cmTC_487c1.dir/CheckSymbolExists.c.o
/usr/bin/cc     -o CMakeFiles/cmTC_487c1.dir/CheckSymbolExists.c.o   -c /home/ros/catkin_ws/build/turtlesim_games/CMakeFiles/CMakeTmp/CheckSymbolExists.c
Linking C executable cmTC_487c1
/usr/bin/cmake -E cmake_link_script CMakeFiles/cmTC_487c1.dir/link.txt --verbose=1
/usr/bin/cc       CMakeFiles/cmTC_487c1.dir/CheckSymbolExists.c.o  -o cmTC_487c1 -rdynamic 
CMakeFiles/cmTC_487c1.dir/CheckSymbolExists.c.o: In function `main':
CheckSymbolExists.c:(.text+0x16): undefined reference to `pthread_create'
collect2: error: ld returned 1 exit status
CMakeFiles/cmTC_487c1.dir/build.make:97: recipe for target 'cmTC_487c1' failed
make[1]: *** [cmTC_487c1] Error 1
make[1]: Leaving directory '/home/ros/catkin_ws/build/turtlesim_games/CMakeFiles/CMakeTmp'
Makefile:126: recipe for target 'cmTC_487c1/fast' failed
make: *** [cmTC_487c1/fast] Error 2

File /home/ros/catkin_ws/build/turtlesim_games/CMakeFiles/CMakeTmp/CheckSymbolExists.c:
/* */
#include <pthread.h>

int main(int argc, char** argv)
{
  (void)argv;
#ifndef pthread_create
  return ((int*)(&pthread_create))[argc];
#else
  (void)argc;
  return 0;
#endif
}

Determining if the function pthread_create exists in the pthreads failed with the following output:
Change Dir: /home/ros/catkin_ws/build/turtlesim_games/CMakeFiles/CMakeTmp

Run Build Command:"/usr/bin/make" "cmTC_af14a/fast"
/usr/bin/make -f CMakeFiles/cmTC_af14a.dir/build.make CMakeFiles/cmTC_af14a.dir/build
make[1]: Entering directory '/home/ros/catkin_ws/build/turtlesim_games/CMakeFiles/CMakeTmp'
Building C object CMakeFiles/cmTC_af14a.dir/CheckFunctionExists.c.o
/usr/bin/cc    -DCHECK_FUNCTION_EXISTS=pthread_create   -o CMakeFiles/cmTC_af14a.dir/CheckFunctionExists.c.o   -c /usr/share/cmake-3.5/Modules/CheckFunctionExists.c
Linking C executable cmTC_af14a
/usr/bin/cmake -E cmake_link_script CMakeFiles/cmTC_af14a.dir/link.txt --verbose=1
/usr/bin/cc   -DCHECK_FUNCTION_EXISTS=pthread_create    CMakeFiles/cmTC_af14a.dir/CheckFunctionExists.c.o  -o cmTC_af14a -rdynamic -lpthreads 
/usr/bin/ld: cannot find -lpthreads
collect2: error: ld returned 1 exit status
CMakeFiles/cmTC_af14a.dir/build.make:97: recipe for target 'cmTC_af14a' failed
make[1]: *** [cmTC_af14a] Error 1
make[1]: Leaving directory '/home/ros/catkin_ws/build/turtlesim_games/CMakeFiles/CMakeTmp'
Makefile:126: recipe for target 'cmTC_af14a/fast' failed
make: *** [cmTC_af14a/fast] Error 2


